<?xml version="1.0" encoding="UTF-8"?>
<!-- Generated by org.testng.reporters.JUnitXMLReporter -->
<testsuite hostname="DESKTOP-D7PUHMF" ignored="0" name="Test" tests="1" failures="1" timestamp="22 Aug 2018 11:39:34 GMT" time="0.379" errors="0">
  <testcase name="runMe" time="0.239" classname="com.tests.TestHelloExample">
    <failure type="java.lang.AssertionError" message="expected [false] but found [true]">
      <![CDATA[java.lang.AssertionError: expected [false] but found [true]
at com.tests.TestHelloExample.runMe(TestHelloExample.java:29)
... Removed 35 stack frames]]>
    </failure>
  </testcase> <!-- runMe -->
</testsuite> <!-- Test -->
