<?xml version="1.0" encoding="UTF-8"?>
<testng-results ignored="0" total="1" passed="1" failed="0" skipped="0">
  <reporter-output>
  </reporter-output>
  <suite started-at="2020-01-12T18:15:55 IST" name="Suite" finished-at="2020-01-12T18:15:56 IST" duration-ms="576">
    <groups>
    </groups>
    <test started-at="2020-01-12T18:15:55 IST" name="Test" finished-at="2020-01-12T18:15:56 IST" duration-ms="576">
      <class name="com.tests.TestHelloExample">
        <test-method signature="runMe()[pri:1, instance:com.tests.TestHelloExample@3f36b447]" started-at="2020-01-12T18:15:55 IST" name="runMe" description="Simple test case to check Logger" finished-at="2020-01-12T18:15:56 IST" duration-ms="303" status="PASS">
          <reporter-output>
          </reporter-output>
        </test-method> <!-- runMe -->
      </class> <!-- com.tests.TestHelloExample -->
    </test> <!-- Test -->
  </suite> <!-- Suite -->
</testng-results>
