<?xml version="1.0" encoding="UTF-8"?>
<testng-results skipped="0" failed="0" ignored="0" total="1" passed="1">
  <reporter-output>
  </reporter-output>
  <suite name="Suite" duration-ms="81" started-at="2018-07-16T20:49:33Z" finished-at="2018-07-16T20:49:33Z">
    <groups>
    </groups>
    <test name="Test" duration-ms="81" started-at="2018-07-16T20:49:33Z" finished-at="2018-07-16T20:49:33Z">
      <class name="com.tests.TestHelloExample">
        <test-method status="PASS" signature="runMe()[pri:0, instance:com.tests.TestHelloExample@4e04a765]" name="runMe" duration-ms="55" started-at="2018-07-16T20:49:33Z" finished-at="2018-07-16T20:49:33Z">
          <reporter-output>
          </reporter-output>
        </test-method> <!-- runMe -->
      </class> <!-- com.tests.TestHelloExample -->
    </test> <!-- Test -->
  </suite> <!-- Suite -->
</testng-results>
