-------------------------------------------------------------------------------
Test set: TestSuite
-------------------------------------------------------------------------------
Tests run: 1, Failures: 1, Errors: 0, Skipped: 0, Time elapsed: 1.703 s <<< FAILURE! - in TestSuite
runMe(com.tests.TestHelloExample)  Time elapsed: 0.255 s  <<< FAILURE!
java.lang.AssertionError: expected [false] but found [true]
	at com.tests.TestHelloExample.runMe(TestHelloExample.java:29)

