<?xml version="1.0" encoding="UTF-8"?>
<testng-results skipped="0" failed="0" ignored="0" total="1" passed="1">
  <reporter-output>
  </reporter-output>
  <suite name="Default suite" duration-ms="119" started-at="2018-07-19T16:44:39Z" finished-at="2018-07-19T16:44:39Z">
    <groups>
    </groups>
    <test name="Default test" duration-ms="119" started-at="2018-07-19T16:44:39Z" finished-at="2018-07-19T16:44:39Z">
      <class name="com.tests.TestHelloExample">
        <test-method status="PASS" signature="runMe()[pri:0, instance:com.tests.TestHelloExample@523884b2]" name="runMe" duration-ms="86" started-at="2018-07-19T16:44:39Z" finished-at="2018-07-19T16:44:39Z">
          <reporter-output>
          </reporter-output>
        </test-method> <!-- runMe -->
      </class> <!-- com.tests.TestHelloExample -->
    </test> <!-- Default test -->
  </suite> <!-- Default suite -->
</testng-results>
